<?xml version="1.0" encoding="UTF-8"?>
<testsuite xmlns:xsi="http://www.w3.org/2001/XMLSchema-instance" xsi:noNamespaceSchemaLocation="https://maven.apache.org/surefire/maven-surefire-plugin/xsd/surefire-test-report.xsd" name="com.nt.test.AppTest" time="5.134" tests="2" errors="0" skipped="1" failures="0">
  <properties>
[...]
</properties>
  <testcase name="testClaculateIntrestAmtWithLessTimer" classname="com.nt.test.AppTest" time="0">
    <skipped message="public void com.nt.test.AppTest.testClaculateIntrestAmtWithLessTimer() is @Disabled"/>
    <system-out><![CDATA[AppTest.startUp()
]]></system-out>
  </testcase>
  <testcase name="testClaculateIntrestAmtWithSmallNumbers" classname="com.nt.test.AppTest" time="5.052"/>
</testsuite>